2048/Temp/gradleOut/unityLibrary/build/intermediates/manifest_merge_blame_file/release/manifest-merger-blame-release-report.txt
1<?xml version="1.0" encoding="utf-8"?>
2<!-- GENERATED BY UNITY. REMOVE THIS COMMENT TO PREVENT OVERWRITING WHEN EXPORTING AGAIN -->
3<manifest xmlns:android="http://schemas.android.com/apk/res/android"
4    xmlns:tools="http://schemas.android.com/tools"
5    package="com.unity3d.player"
6    android:versionCode="1"
7    android:versionName="0.1" >
8
9    <uses-sdk
10        android:minSdkVersion="31"
10-->src/main/AndroidManifest.xml
11        android:targetSdkVersion="33" />
11-->src/main/AndroidManifest.xml
12
13    <uses-feature android:glEsVersion="0x00030000" />
13-->src/main/AndroidManifest.xml:17:3-52
13-->src/main/AndroidManifest.xml:17:17-49
14    <uses-feature
14-->src/main/AndroidManifest.xml:18:3-91
15        android:name="android.hardware.vulkan.version"
15-->src/main/AndroidManifest.xml:18:17-63
16        android:required="false" />
16-->src/main/AndroidManifest.xml:18:64-88
17
18    <uses-permission android:name="android.permission.INTERNET" />
18-->src/main/AndroidManifest.xml:19:3-65
18-->src/main/AndroidManifest.xml:19:20-62
19
20    <uses-feature
20-->src/main/AndroidManifest.xml:20:3-88
21        android:name="android.hardware.touchscreen"
21-->src/main/AndroidManifest.xml:20:17-60
22        android:required="false" />
22-->src/main/AndroidManifest.xml:20:61-85
23    <uses-feature
23-->src/main/AndroidManifest.xml:21:3-99
24        android:name="android.hardware.touchscreen.multitouch"
24-->src/main/AndroidManifest.xml:21:17-71
25        android:required="false" />
25-->src/main/AndroidManifest.xml:21:72-96
26    <uses-feature
26-->src/main/AndroidManifest.xml:22:3-108
27        android:name="android.hardware.touchscreen.multitouch.distinct"
27-->src/main/AndroidManifest.xml:22:17-80
28        android:required="false" />
28-->src/main/AndroidManifest.xml:22:81-105
29
30    <application>
30-->src/main/AndroidManifest.xml:4:3-16:17
31        <activity
31-->src/main/AndroidManifest.xml:5:5-11:16
32            android:name="com.unity3d.player.UnityPlayerActivity"
32-->src/main/AndroidManifest.xml:5:15-68
33            android:configChanges="mcc|mnc|locale|touchscreen|keyboard|keyboardHidden|navigation|orientation|screenLayout|uiMode|screenSize|smallestScreenSize|fontScale|layoutDirection|density"
33-->src/main/AndroidManifest.xml:5:180-361
34            android:exported="true"
34-->src/main/AndroidManifest.xml:5:433-456
35            android:hardwareAccelerated="false"
35-->src/main/AndroidManifest.xml:5:397-432
36            android:launchMode="singleTask"
36-->src/main/AndroidManifest.xml:5:148-179
37            android:resizeableActivity="false"
37-->src/main/AndroidManifest.xml:5:362-396
38            android:screenOrientation="portrait"
38-->src/main/AndroidManifest.xml:5:111-147
39            android:theme="@style/UnityThemeSelector" >
39-->src/main/AndroidManifest.xml:5:69-110
40            <intent-filter>
40-->src/main/AndroidManifest.xml:6:7-9:23
41                <action android:name="android.intent.action.MAIN" />
41-->src/main/AndroidManifest.xml:7:9-61
41-->src/main/AndroidManifest.xml:7:17-58
42
43                <category android:name="android.intent.category.LAUNCHER" />
43-->src/main/AndroidManifest.xml:8:9-69
43-->src/main/AndroidManifest.xml:8:19-66
44            </intent-filter>
45
46            <meta-data
46-->src/main/AndroidManifest.xml:10:7-82
47                android:name="unityplayer.UnityActivity"
47-->src/main/AndroidManifest.xml:10:18-58
48                android:value="true" />
48-->src/main/AndroidManifest.xml:10:59-79
49        </activity>
50
51        <meta-data
51-->src/main/AndroidManifest.xml:12:5-69
52            android:name="unity.splash-mode"
52-->src/main/AndroidManifest.xml:12:16-48
53            android:value="0" />
53-->src/main/AndroidManifest.xml:12:49-66
54        <meta-data
54-->src/main/AndroidManifest.xml:13:5-74
55            android:name="unity.splash-enable"
55-->src/main/AndroidManifest.xml:13:16-50
56            android:value="True" />
56-->src/main/AndroidManifest.xml:13:51-71
57        <meta-data
57-->src/main/AndroidManifest.xml:14:5-84
58            android:name="unity.allow-resizable-window"
58-->src/main/AndroidManifest.xml:14:16-59
59            android:value="False" />
59-->src/main/AndroidManifest.xml:14:60-81
60        <meta-data
60-->src/main/AndroidManifest.xml:15:5-101
61            android:name="unity.build-id"
61-->src/main/AndroidManifest.xml:15:16-45
62            android:value="6874e8ae-5d18-4fd7-a67e-b310a838f826" />
62-->src/main/AndroidManifest.xml:15:46-98
63    </application>
64
65</manifest>